2019. 09. 17. (화) 17:47:41 KST
[master 6c522aa] Protected Grass
 1 file changed, 1 insertion(+)
 create mode 100644 history.log
2019. 09. 17. (화) 17:51:52 KST
[master 6ca1a38] Protected Grass
 1 file changed, 4 insertions(+)
2019. 09. 17. (화) 17:58:58 KST
[master 5fb2947] Protected Grass
 1 file changed, 3 insertions(+)
2019. 09. 17. (화) 21:07:06 KST
[master c1f1d9a] Protected Grass
 1 file changed, 1 insertion(+)
2019. 09. 17. (화) 22:16:11 KST
[master d647560] Protected Grass
 1 file changed, 3 insertions(+)
2019. 09. 18. (수) 08:10:09 KST
[master f0720f1] Protected Grass
 1 file changed, 3 insertions(+)
2019. 09. 18. (수) 08:12:05 KST
[master 638faa3] Protected Grass
 1 file changed, 3 insertions(+)
2019. 09. 18. (수) 08:16:01 KST
2019. 09. 18. (수) 08:18:01 KST
2019. 09. 18. (수) 08:19:01 KST
[master c89f2bd] Protected Grass
 1 file changed, 5 insertions(+)
2019. 09. 18. (수) 08:30:01 KST
[master 03768a0] Protected Grass
 1 file changed, 3 insertions(+)
2019. 09. 18. (수) 12:09:33 KST
[master a259a0b] Protected Grass
 1 file changed, 1 insertion(+)
2019. 09. 18. (수) 12:12:31 KST
[master 39c609f] Protected Grass
 1 file changed, 3 insertions(+)
2019. 09. 18. (수) 15:19:23 KST
[master ae7c535] Protected Grass
 1 file changed, 3 insertions(+)
2019. 09. 18. (수) 19:23:14 KST
[master c96625b] Protected Grass
 1 file changed, 3 insertions(+)
2019. 09. 19. (목) 00:30:01 KST
[master 9d98458] Protected Grass
 1 file changed, 3 insertions(+)
2019. 09. 19. (목) 10:40:23 KST
[master bc429ef] Protected Grass
 1 file changed, 3 insertions(+)
2019. 09. 20. (금) 00:30:01 KST
[master c60e69a] Protected Grass
 1 file changed, 3 insertions(+)
2019. 09. 21. (토) 00:30:01 KST
[master f2ecdc5] Protected Grass
 1 file changed, 3 insertions(+)
2019. 09. 21. (토) 12:37:40 KST
[master ae5543b] Protected Grass
 1 file changed, 3 insertions(+)
2019. 09. 22. (일) 00:30:01 KST
[master a65fe03] Protected Grass
 1 file changed, 3 insertions(+)
2019. 09. 23. (월) 00:30:01 KST
[master 40b229e] Protected Grass
 1 file changed, 3 insertions(+)
2019. 09. 24. (화) 00:30:01 KST
[master 82fb163] Protected Grass
 1 file changed, 3 insertions(+)
2019. 09. 25. (수) 00:30:01 KST
